[2019-09-19 11:29:16][DEBUG][ERROR] : [Argument 1 passed to EasySwoole\Spl\SplBean::__construct() must be of the type array or null, object given, called in /Users/youan03/Documents/swoole/App/HttpController/Index.php on line 13 at file:/Users/youan03/Documents/swoole/vendor/easyswoole/spl/src/SplBean.php line:26]
[2019-09-19 11:32:54][DEBUG][ERROR] : [Parameter [host] is required at file: line:]
[2019-09-19 11:33:39][DEBUG][ERROR] : [Parameter [host] is required at file: line:]
[2019-09-19 11:35:12][DEBUG][ERROR] : [swoole exit at file:/Users/youan03/Documents/swoole/App/HttpController/Index.php line:14]
[2019-09-19 11:35:24][DEBUG][ERROR] : [swoole exit at file:/Users/youan03/Documents/swoole/App/HttpController/Index.php line:14]
[2019-09-19 11:36:33][DEBUG][ERROR] : [Cannot use object of type EasySwoole\EasySwoole\Config as array at file:/Users/youan03/Documents/swoole/App/HttpController/Index.php line:13]
[2019-09-19 11:36:59][DEBUG][ERROR] : [Cannot use object of type EasySwoole\EasySwoole\Config as array at file:/Users/youan03/Documents/swoole/App/HttpController/Index.php line:13]
[2019-09-19 11:37:16][DEBUG][NOTICE] : [Undefined property: EasySwoole\EasySwoole\Config::$MYSQL at file:/Users/youan03/Documents/swoole/App/HttpController/Index.php line:13]
[2019-09-19 11:38:17][DEBUG][ERROR] : [Argument 1 passed to EasySwoole\Spl\SplBean::__construct() must be of the type array or null, object given, called in /Users/youan03/Documents/swoole/App/HttpController/Index.php on line 12 at file:/Users/youan03/Documents/swoole/vendor/easyswoole/spl/src/SplBean.php line:26]
[2019-09-19 15:13:12][DEBUG][ERROR] : [Swoole\Server::start(): require onMessage callback at file:/Users/youan03/Documents/swoole/vendor/easyswoole/easyswoole/src/ServerManager.php line:120]
[2019-09-19 15:13:42][DEBUG][ERROR] : [Swoole\Server::start(): require onMessage callback at file:/Users/youan03/Documents/swoole/vendor/easyswoole/easyswoole/src/ServerManager.php line:120]
[2019-09-19 15:14:07][DEBUG][ERROR] : [Swoole\Server::start(): require onMessage callback at file:/Users/youan03/Documents/swoole/vendor/easyswoole/easyswoole/src/ServerManager.php line:120]
[2019-09-19 15:18:47][DEBUG][ERROR] : [A function with return type must return a value (did you mean "return null;" instead of "return;"?) at file:/Users/youan03/Documents/swoole/App/WebSocket/WebSocketParser.php line:32]
[2019-09-19 15:38:18][DEBUG][WARNING] : [Illegal offset type in isset or empty at file:/Users/youan03/Documents/swoole/vendor/easyswoole/http/src/Message/Status.php line:124]
[2019-09-19 15:38:18][DEBUG][WARNING] : [Swoole\Http\Response::status() expects parameter 1 to be integer, array given at file:/Users/youan03/Documents/swoole/vendor/easyswoole/http/src/Response.php line:43]
[2019-09-19 15:38:47][DEBUG][WARNING] : [Illegal offset type in isset or empty at file:/Users/youan03/Documents/swoole/vendor/easyswoole/http/src/Message/Status.php line:124]
[2019-09-19 15:38:47][DEBUG][WARNING] : [Swoole\Http\Response::status() expects parameter 1 to be integer, array given at file:/Users/youan03/Documents/swoole/vendor/easyswoole/http/src/Response.php line:43]
[2019-09-19 17:06:32][DEBUG][NOTICE] : [Undefined index: area at file:/Users/youan03/Documents/swoole/App/HttpController/Index.php line:35]
[2019-09-19 17:06:32][DEBUG][NOTICE] : [Undefined index: id at file:/Users/youan03/Documents/swoole/App/HttpController/Index.php line:51]
[2019-09-19 17:06:32][DEBUG][NOTICE] : [Undefined index: name at file:/Users/youan03/Documents/swoole/App/HttpController/Index.php line:52]
[2019-09-19 17:06:32][DEBUG][NOTICE] : [Undefined variable: area at file:/Users/youan03/Documents/swoole/App/HttpController/Index.php line:53]
[2019-09-19 17:06:32][DEBUG][NOTICE] : [Undefined index: area at file:/Users/youan03/Documents/swoole/App/HttpController/Index.php line:35]
[2019-09-19 17:06:32][DEBUG][NOTICE] : [Undefined index: id at file:/Users/youan03/Documents/swoole/App/HttpController/Index.php line:51]
[2019-09-19 17:06:32][DEBUG][NOTICE] : [Undefined index: name at file:/Users/youan03/Documents/swoole/App/HttpController/Index.php line:52]
[2019-09-19 17:06:32][DEBUG][NOTICE] : [Undefined variable: area at file:/Users/youan03/Documents/swoole/App/HttpController/Index.php line:53]
[2019-09-19 17:06:32][DEBUG][NOTICE] : [Undefined index: area at file:/Users/youan03/Documents/swoole/App/HttpController/Index.php line:35]
[2019-09-19 17:06:32][DEBUG][NOTICE] : [Undefined index: id at file:/Users/youan03/Documents/swoole/App/HttpController/Index.php line:51]
[2019-09-19 17:06:32][DEBUG][NOTICE] : [Undefined index: name at file:/Users/youan03/Documents/swoole/App/HttpController/Index.php line:52]
[2019-09-19 17:06:32][DEBUG][NOTICE] : [Undefined variable: area at file:/Users/youan03/Documents/swoole/App/HttpController/Index.php line:53]
[2019-09-19 17:06:32][DEBUG][NOTICE] : [Undefined index: area at file:/Users/youan03/Documents/swoole/App/HttpController/Index.php line:35]
[2019-09-19 17:06:32][DEBUG][NOTICE] : [Undefined index: id at file:/Users/youan03/Documents/swoole/App/HttpController/Index.php line:51]
[2019-09-19 17:06:32][DEBUG][NOTICE] : [Undefined index: name at file:/Users/youan03/Documents/swoole/App/HttpController/Index.php line:52]
[2019-09-19 17:06:32][DEBUG][NOTICE] : [Undefined variable: area at file:/Users/youan03/Documents/swoole/App/HttpController/Index.php line:53]
[2019-09-19 17:08:08][DEBUG][NOTICE] : [Undefined index: area at file:/Users/youan03/Documents/swoole/App/HttpController/Index.php line:36]
[2019-09-19 17:08:08][DEBUG][NOTICE] : [Undefined index: id at file:/Users/youan03/Documents/swoole/App/HttpController/Index.php line:52]
[2019-09-19 17:08:08][DEBUG][NOTICE] : [Undefined index: name at file:/Users/youan03/Documents/swoole/App/HttpController/Index.php line:53]
[2019-09-19 17:08:08][DEBUG][NOTICE] : [Undefined index: area at file:/Users/youan03/Documents/swoole/App/HttpController/Index.php line:36]
[2019-09-19 17:08:08][DEBUG][NOTICE] : [Undefined index: id at file:/Users/youan03/Documents/swoole/App/HttpController/Index.php line:52]
[2019-09-19 17:08:08][DEBUG][NOTICE] : [Undefined index: name at file:/Users/youan03/Documents/swoole/App/HttpController/Index.php line:53]
[2019-09-19 17:08:08][DEBUG][NOTICE] : [Undefined index: area at file:/Users/youan03/Documents/swoole/App/HttpController/Index.php line:36]
[2019-09-19 17:08:08][DEBUG][NOTICE] : [Undefined index: id at file:/Users/youan03/Documents/swoole/App/HttpController/Index.php line:52]
[2019-09-19 17:08:08][DEBUG][NOTICE] : [Undefined index: name at file:/Users/youan03/Documents/swoole/App/HttpController/Index.php line:53]
[2019-09-19 17:08:08][DEBUG][NOTICE] : [Undefined index: area at file:/Users/youan03/Documents/swoole/App/HttpController/Index.php line:36]
[2019-09-19 17:08:08][DEBUG][NOTICE] : [Undefined index: id at file:/Users/youan03/Documents/swoole/App/HttpController/Index.php line:52]
[2019-09-19 17:08:08][DEBUG][NOTICE] : [Undefined index: name at file:/Users/youan03/Documents/swoole/App/HttpController/Index.php line:53]
[2019-09-19 17:08:34][DEBUG][NOTICE] : [Undefined index: area at file:/Users/youan03/Documents/swoole/App/HttpController/Index.php line:36]
[2019-09-19 17:08:34][DEBUG][NOTICE] : [Undefined index: id at file:/Users/youan03/Documents/swoole/App/HttpController/Index.php line:52]
[2019-09-19 17:08:34][DEBUG][NOTICE] : [Undefined index: name at file:/Users/youan03/Documents/swoole/App/HttpController/Index.php line:53]
[2019-09-19 17:08:34][DEBUG][NOTICE] : [Undefined index: area at file:/Users/youan03/Documents/swoole/App/HttpController/Index.php line:36]
[2019-09-19 17:08:34][DEBUG][NOTICE] : [Undefined index: id at file:/Users/youan03/Documents/swoole/App/HttpController/Index.php line:52]
[2019-09-19 17:08:34][DEBUG][NOTICE] : [Undefined index: name at file:/Users/youan03/Documents/swoole/App/HttpController/Index.php line:53]
[2019-09-19 17:08:34][DEBUG][NOTICE] : [Undefined index: area at file:/Users/youan03/Documents/swoole/App/HttpController/Index.php line:36]
[2019-09-19 17:08:34][DEBUG][NOTICE] : [Undefined index: id at file:/Users/youan03/Documents/swoole/App/HttpController/Index.php line:52]
[2019-09-19 17:08:34][DEBUG][NOTICE] : [Undefined index: name at file:/Users/youan03/Documents/swoole/App/HttpController/Index.php line:53]
[2019-09-19 17:08:34][DEBUG][NOTICE] : [Undefined index: area at file:/Users/youan03/Documents/swoole/App/HttpController/Index.php line:36]
[2019-09-19 17:08:34][DEBUG][NOTICE] : [Undefined index: id at file:/Users/youan03/Documents/swoole/App/HttpController/Index.php line:52]
[2019-09-19 17:08:34][DEBUG][NOTICE] : [Undefined index: name at file:/Users/youan03/Documents/swoole/App/HttpController/Index.php line:53]
[2019-09-20 12:30:57][DEBUG][WARNING] : [Invalid argument supplied for foreach() at file:/Users/youan03/Documents/swoole/App/HttpController/Index.php line:122]
[2019-09-20 12:30:57][DEBUG][WARNING] : [Invalid argument supplied for foreach() at file:/Users/youan03/Documents/swoole/App/HttpController/Index.php line:122]
[2019-09-20 12:30:57][DEBUG][WARNING] : [Invalid argument supplied for foreach() at file:/Users/youan03/Documents/swoole/App/HttpController/Index.php line:122]
[2019-09-20 12:30:57][DEBUG][WARNING] : [Invalid argument supplied for foreach() at file:/Users/youan03/Documents/swoole/App/HttpController/Index.php line:122]
[2019-09-20 12:30:59][DEBUG][WARNING] : [Invalid argument supplied for foreach() at file:/Users/youan03/Documents/swoole/App/HttpController/Index.php line:122]
[2019-09-20 12:30:59][DEBUG][WARNING] : [Invalid argument supplied for foreach() at file:/Users/youan03/Documents/swoole/App/HttpController/Index.php line:122]
[2019-09-20 12:30:59][DEBUG][WARNING] : [Invalid argument supplied for foreach() at file:/Users/youan03/Documents/swoole/App/HttpController/Index.php line:122]
[2019-09-20 12:31:02][DEBUG][WARNING] : [Invalid argument supplied for foreach() at file:/Users/youan03/Documents/swoole/App/HttpController/Index.php line:122]
[2019-09-20 12:31:03][DEBUG][WARNING] : [Invalid argument supplied for foreach() at file:/Users/youan03/Documents/swoole/App/HttpController/Index.php line:122]
[2019-09-20 12:31:04][DEBUG][WARNING] : [Invalid argument supplied for foreach() at file:/Users/youan03/Documents/swoole/App/HttpController/Index.php line:122]
[2019-09-20 12:31:07][DEBUG][WARNING] : [Invalid argument supplied for foreach() at file:/Users/youan03/Documents/swoole/App/HttpController/Index.php line:122]
[2019-09-20 12:31:08][DEBUG][WARNING] : [Invalid argument supplied for foreach() at file:/Users/youan03/Documents/swoole/App/HttpController/Index.php line:122]
[2019-09-20 12:31:11][DEBUG][WARNING] : [Invalid argument supplied for foreach() at file:/Users/youan03/Documents/swoole/App/HttpController/Index.php line:122]
[2019-09-20 12:31:13][DEBUG][WARNING] : [Invalid argument supplied for foreach() at file:/Users/youan03/Documents/swoole/App/HttpController/Index.php line:122]
[2019-09-20 12:31:13][DEBUG][WARNING] : [Invalid argument supplied for foreach() at file:/Users/youan03/Documents/swoole/App/HttpController/Index.php line:122]
[2019-09-20 12:31:14][DEBUG][WARNING] : [Invalid argument supplied for foreach() at file:/Users/youan03/Documents/swoole/App/HttpController/Index.php line:122]
[2019-09-20 12:31:14][DEBUG][WARNING] : [Invalid argument supplied for foreach() at file:/Users/youan03/Documents/swoole/App/HttpController/Index.php line:122]
[2019-09-20 12:31:15][DEBUG][WARNING] : [Invalid argument supplied for foreach() at file:/Users/youan03/Documents/swoole/App/HttpController/Index.php line:122]
[2019-09-20 12:31:15][DEBUG][WARNING] : [Invalid argument supplied for foreach() at file:/Users/youan03/Documents/swoole/App/HttpController/Index.php line:122]
[2019-09-20 12:31:15][DEBUG][WARNING] : [Invalid argument supplied for foreach() at file:/Users/youan03/Documents/swoole/App/HttpController/Index.php line:122]
[2019-09-20 12:31:15][DEBUG][WARNING] : [Invalid argument supplied for foreach() at file:/Users/youan03/Documents/swoole/App/HttpController/Index.php line:122]
[2019-09-20 12:31:15][DEBUG][WARNING] : [Invalid argument supplied for foreach() at file:/Users/youan03/Documents/swoole/App/HttpController/Index.php line:122]
[2019-09-20 12:31:15][DEBUG][WARNING] : [Invalid argument supplied for foreach() at file:/Users/youan03/Documents/swoole/App/HttpController/Index.php line:122]
[2019-09-20 12:31:27][DEBUG][WARNING] : [Invalid argument supplied for foreach() at file:/Users/youan03/Documents/swoole/App/HttpController/Index.php line:122]
[2019-09-20 12:31:27][DEBUG][WARNING] : [Invalid argument supplied for foreach() at file:/Users/youan03/Documents/swoole/App/HttpController/Index.php line:122]
[2019-09-20 12:31:27][DEBUG][WARNING] : [Invalid argument supplied for foreach() at file:/Users/youan03/Documents/swoole/App/HttpController/Index.php line:122]
[2019-09-20 12:31:28][DEBUG][WARNING] : [Invalid argument supplied for foreach() at file:/Users/youan03/Documents/swoole/App/HttpController/Index.php line:122]
[2019-09-20 12:31:28][DEBUG][WARNING] : [Invalid argument supplied for foreach() at file:/Users/youan03/Documents/swoole/App/HttpController/Index.php line:122]
[2019-09-20 12:31:28][DEBUG][WARNING] : [Invalid argument supplied for foreach() at file:/Users/youan03/Documents/swoole/App/HttpController/Index.php line:122]
[2019-09-20 12:31:28][DEBUG][WARNING] : [Invalid argument supplied for foreach() at file:/Users/youan03/Documents/swoole/App/HttpController/Index.php line:122]
[2019-09-20 12:31:44][DEBUG][WARNING] : [Invalid argument supplied for foreach() at file:/Users/youan03/Documents/swoole/App/HttpController/Index.php line:122]
[2019-09-20 12:31:44][DEBUG][WARNING] : [Invalid argument supplied for foreach() at file:/Users/youan03/Documents/swoole/App/HttpController/Index.php line:122]
[2019-09-20 12:31:44][DEBUG][WARNING] : [Invalid argument supplied for foreach() at file:/Users/youan03/Documents/swoole/App/HttpController/Index.php line:122]
[2019-09-20 12:31:44][DEBUG][WARNING] : [Invalid argument supplied for foreach() at file:/Users/youan03/Documents/swoole/App/HttpController/Index.php line:122]
[2019-09-20 12:31:44][DEBUG][WARNING] : [Invalid argument supplied for foreach() at file:/Users/youan03/Documents/swoole/App/HttpController/Index.php line:122]
[2019-09-20 12:31:45][DEBUG][WARNING] : [Invalid argument supplied for foreach() at file:/Users/youan03/Documents/swoole/App/HttpController/Index.php line:122]
[2019-09-20 12:31:45][DEBUG][WARNING] : [Invalid argument supplied for foreach() at file:/Users/youan03/Documents/swoole/App/HttpController/Index.php line:122]
[2019-09-20 12:33:02][DEBUG][WARNING] : [Invalid argument supplied for foreach() at file:/Users/youan03/Documents/swoole/App/HttpController/Index.php line:122]
[2019-09-20 12:33:02][DEBUG][WARNING] : [Invalid argument supplied for foreach() at file:/Users/youan03/Documents/swoole/App/HttpController/Index.php line:122]
[2019-09-20 12:33:02][DEBUG][WARNING] : [Invalid argument supplied for foreach() at file:/Users/youan03/Documents/swoole/App/HttpController/Index.php line:122]
[2019-09-20 12:33:03][DEBUG][WARNING] : [Invalid argument supplied for foreach() at file:/Users/youan03/Documents/swoole/App/HttpController/Index.php line:122]
[2019-09-20 12:33:04][DEBUG][WARNING] : [Invalid argument supplied for foreach() at file:/Users/youan03/Documents/swoole/App/HttpController/Index.php line:122]
[2019-09-20 12:33:04][DEBUG][WARNING] : [Invalid argument supplied for foreach() at file:/Users/youan03/Documents/swoole/App/HttpController/Index.php line:122]
[2019-09-20 12:33:04][DEBUG][WARNING] : [Invalid argument supplied for foreach() at file:/Users/youan03/Documents/swoole/App/HttpController/Index.php line:122]
[2019-09-20 12:33:08][DEBUG][WARNING] : [Invalid argument supplied for foreach() at file:/Users/youan03/Documents/swoole/App/HttpController/Index.php line:122]
[2019-09-20 12:33:08][DEBUG][WARNING] : [Invalid argument supplied for foreach() at file:/Users/youan03/Documents/swoole/App/HttpController/Index.php line:122]
[2019-09-20 12:33:09][DEBUG][WARNING] : [Invalid argument supplied for foreach() at file:/Users/youan03/Documents/swoole/App/HttpController/Index.php line:122]
[2019-09-20 12:33:12][DEBUG][WARNING] : [Invalid argument supplied for foreach() at file:/Users/youan03/Documents/swoole/App/HttpController/Index.php line:122]
[2019-09-20 12:33:14][DEBUG][WARNING] : [Invalid argument supplied for foreach() at file:/Users/youan03/Documents/swoole/App/HttpController/Index.php line:122]
[2019-09-20 12:33:16][DEBUG][WARNING] : [Invalid argument supplied for foreach() at file:/Users/youan03/Documents/swoole/App/HttpController/Index.php line:122]
[2019-09-20 12:33:18][DEBUG][WARNING] : [Invalid argument supplied for foreach() at file:/Users/youan03/Documents/swoole/App/HttpController/Index.php line:122]
[2019-09-20 12:33:18][DEBUG][WARNING] : [Invalid argument supplied for foreach() at file:/Users/youan03/Documents/swoole/App/HttpController/Index.php line:122]
[2019-09-20 12:33:19][DEBUG][WARNING] : [Invalid argument supplied for foreach() at file:/Users/youan03/Documents/swoole/App/HttpController/Index.php line:122]
[2019-09-20 12:33:19][DEBUG][WARNING] : [Invalid argument supplied for foreach() at file:/Users/youan03/Documents/swoole/App/HttpController/Index.php line:122]
[2019-09-20 12:33:20][DEBUG][WARNING] : [Invalid argument supplied for foreach() at file:/Users/youan03/Documents/swoole/App/HttpController/Index.php line:122]
[2019-09-20 12:33:20][DEBUG][WARNING] : [Invalid argument supplied for foreach() at file:/Users/youan03/Documents/swoole/App/HttpController/Index.php line:122]
[2019-09-20 12:33:20][DEBUG][WARNING] : [Invalid argument supplied for foreach() at file:/Users/youan03/Documents/swoole/App/HttpController/Index.php line:122]
[2019-09-20 12:33:20][DEBUG][WARNING] : [Invalid argument supplied for foreach() at file:/Users/youan03/Documents/swoole/App/HttpController/Index.php line:122]
[2019-09-20 12:33:20][DEBUG][WARNING] : [Invalid argument supplied for foreach() at file:/Users/youan03/Documents/swoole/App/HttpController/Index.php line:122]
[2019-09-20 12:33:20][DEBUG][WARNING] : [Invalid argument supplied for foreach() at file:/Users/youan03/Documents/swoole/App/HttpController/Index.php line:122]
[2019-09-20 12:33:32][DEBUG][WARNING] : [Invalid argument supplied for foreach() at file:/Users/youan03/Documents/swoole/App/HttpController/Index.php line:122]
[2019-09-20 12:33:32][DEBUG][WARNING] : [Invalid argument supplied for foreach() at file:/Users/youan03/Documents/swoole/App/HttpController/Index.php line:122]
[2019-09-20 12:33:33][DEBUG][WARNING] : [Invalid argument supplied for foreach() at file:/Users/youan03/Documents/swoole/App/HttpController/Index.php line:122]
[2019-09-20 12:33:33][DEBUG][WARNING] : [Invalid argument supplied for foreach() at file:/Users/youan03/Documents/swoole/App/HttpController/Index.php line:122]
[2019-09-20 12:33:33][DEBUG][WARNING] : [Invalid argument supplied for foreach() at file:/Users/youan03/Documents/swoole/App/HttpController/Index.php line:122]
[2019-09-20 12:33:33][DEBUG][WARNING] : [Invalid argument supplied for foreach() at file:/Users/youan03/Documents/swoole/App/HttpController/Index.php line:122]
[2019-09-20 12:33:33][DEBUG][WARNING] : [Invalid argument supplied for foreach() at file:/Users/youan03/Documents/swoole/App/HttpController/Index.php line:122]
[2019-09-20 12:33:49][DEBUG][WARNING] : [Invalid argument supplied for foreach() at file:/Users/youan03/Documents/swoole/App/HttpController/Index.php line:122]
[2019-09-20 12:33:49][DEBUG][WARNING] : [Invalid argument supplied for foreach() at file:/Users/youan03/Documents/swoole/App/HttpController/Index.php line:122]
[2019-09-20 12:33:49][DEBUG][WARNING] : [Invalid argument supplied for foreach() at file:/Users/youan03/Documents/swoole/App/HttpController/Index.php line:122]
[2019-09-20 12:33:49][DEBUG][WARNING] : [Invalid argument supplied for foreach() at file:/Users/youan03/Documents/swoole/App/HttpController/Index.php line:122]
[2019-09-20 12:33:50][DEBUG][WARNING] : [Invalid argument supplied for foreach() at file:/Users/youan03/Documents/swoole/App/HttpController/Index.php line:122]
[2019-09-20 12:33:50][DEBUG][WARNING] : [Invalid argument supplied for foreach() at file:/Users/youan03/Documents/swoole/App/HttpController/Index.php line:122]
[2019-09-20 12:33:50][DEBUG][WARNING] : [Invalid argument supplied for foreach() at file:/Users/youan03/Documents/swoole/App/HttpController/Index.php line:122]
[2019-09-20 12:34:58][DEBUG][WARNING] : [Invalid argument supplied for foreach() at file:/Users/youan03/Documents/swoole/App/HttpController/Index.php line:122]
[2019-09-20 12:34:58][DEBUG][WARNING] : [Invalid argument supplied for foreach() at file:/Users/youan03/Documents/swoole/App/HttpController/Index.php line:122]
[2019-09-20 12:34:58][DEBUG][WARNING] : [Invalid argument supplied for foreach() at file:/Users/youan03/Documents/swoole/App/HttpController/Index.php line:122]
[2019-09-20 12:34:59][DEBUG][WARNING] : [Invalid argument supplied for foreach() at file:/Users/youan03/Documents/swoole/App/HttpController/Index.php line:122]
[2019-09-20 12:35:00][DEBUG][WARNING] : [Invalid argument supplied for foreach() at file:/Users/youan03/Documents/swoole/App/HttpController/Index.php line:122]
[2019-09-20 12:35:00][DEBUG][WARNING] : [Invalid argument supplied for foreach() at file:/Users/youan03/Documents/swoole/App/HttpController/Index.php line:122]
[2019-09-20 12:35:01][DEBUG][WARNING] : [Invalid argument supplied for foreach() at file:/Users/youan03/Documents/swoole/App/HttpController/Index.php line:122]
[2019-09-20 12:35:04][DEBUG][WARNING] : [Invalid argument supplied for foreach() at file:/Users/youan03/Documents/swoole/App/HttpController/Index.php line:122]
[2019-09-20 12:35:04][DEBUG][WARNING] : [Invalid argument supplied for foreach() at file:/Users/youan03/Documents/swoole/App/HttpController/Index.php line:122]
[2019-09-20 12:35:05][DEBUG][WARNING] : [Invalid argument supplied for foreach() at file:/Users/youan03/Documents/swoole/App/HttpController/Index.php line:122]
[2019-09-20 12:35:08][DEBUG][WARNING] : [Invalid argument supplied for foreach() at file:/Users/youan03/Documents/swoole/App/HttpController/Index.php line:122]
[2019-09-20 12:35:09][DEBUG][WARNING] : [Invalid argument supplied for foreach() at file:/Users/youan03/Documents/swoole/App/HttpController/Index.php line:122]
[2019-09-20 12:35:12][DEBUG][WARNING] : [Invalid argument supplied for foreach() at file:/Users/youan03/Documents/swoole/App/HttpController/Index.php line:122]
[2019-09-20 12:35:14][DEBUG][WARNING] : [Invalid argument supplied for foreach() at file:/Users/youan03/Documents/swoole/App/HttpController/Index.php line:122]
[2019-09-20 12:35:14][DEBUG][WARNING] : [Invalid argument supplied for foreach() at file:/Users/youan03/Documents/swoole/App/HttpController/Index.php line:122]
[2019-09-20 12:35:15][DEBUG][WARNING] : [Invalid argument supplied for foreach() at file:/Users/youan03/Documents/swoole/App/HttpController/Index.php line:122]
[2019-09-20 12:35:15][DEBUG][WARNING] : [Invalid argument supplied for foreach() at file:/Users/youan03/Documents/swoole/App/HttpController/Index.php line:122]
[2019-09-20 12:35:16][DEBUG][WARNING] : [Invalid argument supplied for foreach() at file:/Users/youan03/Documents/swoole/App/HttpController/Index.php line:122]
[2019-09-20 12:35:16][DEBUG][WARNING] : [Invalid argument supplied for foreach() at file:/Users/youan03/Documents/swoole/App/HttpController/Index.php line:122]
[2019-09-20 12:35:16][DEBUG][WARNING] : [Invalid argument supplied for foreach() at file:/Users/youan03/Documents/swoole/App/HttpController/Index.php line:122]
[2019-09-20 12:35:16][DEBUG][WARNING] : [Invalid argument supplied for foreach() at file:/Users/youan03/Documents/swoole/App/HttpController/Index.php line:122]
[2019-09-20 12:35:16][DEBUG][WARNING] : [Invalid argument supplied for foreach() at file:/Users/youan03/Documents/swoole/App/HttpController/Index.php line:122]
[2019-09-20 12:35:16][DEBUG][WARNING] : [Invalid argument supplied for foreach() at file:/Users/youan03/Documents/swoole/App/HttpController/Index.php line:122]
[2019-09-20 12:37:05][DEBUG][WARNING] : [Invalid argument supplied for foreach() at file:/Users/youan03/Documents/swoole/App/HttpController/Index.php line:123]
[2019-09-20 12:37:06][DEBUG][WARNING] : [Invalid argument supplied for foreach() at file:/Users/youan03/Documents/swoole/App/HttpController/Index.php line:123]
[2019-09-20 12:37:07][DEBUG][WARNING] : [Invalid argument supplied for foreach() at file:/Users/youan03/Documents/swoole/App/HttpController/Index.php line:123]
[2019-09-20 12:37:09][DEBUG][WARNING] : [Invalid argument supplied for foreach() at file:/Users/youan03/Documents/swoole/App/HttpController/Index.php line:123]
[2019-09-20 12:37:20][DEBUG][WARNING] : [Invalid argument supplied for foreach() at file:/Users/youan03/Documents/swoole/App/HttpController/Index.php line:123]
[2019-09-20 12:37:22][DEBUG][WARNING] : [Invalid argument supplied for foreach() at file:/Users/youan03/Documents/swoole/App/HttpController/Index.php line:123]
[2019-09-20 12:37:23][DEBUG][WARNING] : [Invalid argument supplied for foreach() at file:/Users/youan03/Documents/swoole/App/HttpController/Index.php line:123]
[2019-09-20 12:37:46][DEBUG][WARNING] : [Invalid argument supplied for foreach() at file:/Users/youan03/Documents/swoole/App/HttpController/Index.php line:123]
[2019-09-20 12:37:53][DEBUG][WARNING] : [Invalid argument supplied for foreach() at file:/Users/youan03/Documents/swoole/App/HttpController/Index.php line:123]
[2019-09-20 12:38:01][DEBUG][WARNING] : [Invalid argument supplied for foreach() at file:/Users/youan03/Documents/swoole/App/HttpController/Index.php line:123]
[2019-09-20 15:00:34][DEBUG][ERROR] : [Argument 1 passed to EasySwoole\Http\Response::write() must be of the type string, null given, called in /Users/youan03/Documents/swoole/App/HttpController/Index.php on line 21 at file:/Users/youan03/Documents/swoole/vendor/easyswoole/http/src/Response.php line:76]
[2019-09-20 15:17:25][DEBUG][ERROR] : [Call to undefined method App\Utility\Pool\MysqlObject::rawQeury() at file:/Users/youan03/Documents/swoole/App/HttpController/Index.php line:15]
[2019-09-20 15:19:30][DEBUG][ERROR] : [Call to undefined method App\Utility\Pool\MysqlPool::invoker() at file:/Users/youan03/Documents/swoole/App/HttpController/Index.php line:16]
[2019-09-20 15:19:49][DEBUG][ERROR] : [Argument 1 passed to App\HttpController\Index::App\HttpController\{closure}() must be an instance of EasySwoole\MysqliPool\Connection, instance of App\Utility\Pool\MysqlObject given at file:/Users/youan03/Documents/swoole/App/HttpController/Index.php line:16]
[2019-09-20 15:21:26][DEBUG][ERROR] : [Argument 1 passed to App\HttpController\Index::App\HttpController\{closure}() must be an instance of App\HttpController\MysqlObject, instance of App\Utility\Pool\MysqlObject given at file:/Users/youan03/Documents/swoole/App/HttpController/Index.php line:16]
[2019-09-20 15:22:14][DEBUG][ERROR] : [Argument 1 passed to App\HttpController\Index::App\HttpController\{closure}() must be an instance of App\HttpController\MysqlObject, instance of App\Utility\Pool\MysqlObject given at file:/Users/youan03/Documents/swoole/App/HttpController/Index.php line:16]
[2019-09-20 17:10:52][DEBUG][WARNING] : [Swoole\Coroutine\Redis::connect(): The host is empty at file:/Users/youan03/Documents/swoole/App/Utility/Pool/RedisPool.php line:22]
[2019-09-20 17:10:55][DEBUG][ERROR] : [App\Utility\Pool\RedisPool pool is empty at file:/Users/youan03/Documents/swoole/vendor/easyswoole/component/src/Pool/TraitInvoker.php line:34]
[2019-09-20 17:11:22][DEBUG][WARNING] : [Swoole\Coroutine\Redis::connect(): The host is empty at file:/Users/youan03/Documents/swoole/App/Utility/Pool/RedisPool.php line:22]
[2019-09-20 17:11:22][DEBUG][WARNING] : [Swoole\Coroutine\Redis::connect(): The host is empty at file:/Users/youan03/Documents/swoole/App/Utility/Pool/RedisPool.php line:22]
[2019-09-20 17:11:22][DEBUG][WARNING] : [Swoole\Coroutine\Redis::connect(): The host is empty at file:/Users/youan03/Documents/swoole/App/Utility/Pool/RedisPool.php line:22]
[2019-09-20 17:11:22][DEBUG][WARNING] : [Swoole\Coroutine\Redis::connect(): The host is empty at file:/Users/youan03/Documents/swoole/App/Utility/Pool/RedisPool.php line:22]
[2019-09-20 17:11:22][DEBUG][WARNING] : [Swoole\Coroutine\Redis::connect(): The host is empty at file:/Users/youan03/Documents/swoole/App/Utility/Pool/RedisPool.php line:22]
[2019-09-20 17:11:34][DEBUG][ERROR] : [App\Utility\Pool\RedisPool pool is empty at file:/Users/youan03/Documents/swoole/vendor/easyswoole/component/src/Pool/TraitInvoker.php line:34]
[2019-09-20 17:13:33][DEBUG][ERROR] : [App\Utility\Pool\RedisPool pool is empty at file:/Users/youan03/Documents/swoole/vendor/easyswoole/component/src/Pool/TraitInvoker.php line:34]
[2019-09-20 17:18:02][DEBUG][ERROR] : [Swoole\Server::start(): require onMessage callback at file:/Users/youan03/Documents/swoole/vendor/easyswoole/easyswoole/src/ServerManager.php line:120]
[2019-09-20 17:19:01][DEBUG][ERROR] : [Call to a member function recycleObj() on null at file:/Users/youan03/Documents/swoole/App/HttpController/BaseWithDb.php line:49]
[2019-09-20 17:20:16][DEBUG][ERROR] : [App\Utility\Pool\RedisPool pool is empty at file:/Users/youan03/Documents/swoole/vendor/easyswoole/component/src/Pool/TraitInvoker.php line:58]
[2019-09-20 17:20:46][DEBUG][ERROR] : [App\Utility\Pool\RedisPool pool is empty at file:/Users/youan03/Documents/swoole/vendor/easyswoole/component/src/Pool/TraitInvoker.php line:34]
[2019-09-20 17:24:21][DEBUG][ERROR] : [App\Utility\Pool\RedisPool pool is empty at file:/Users/youan03/Documents/swoole/vendor/easyswoole/component/src/Pool/TraitInvoker.php line:34]
[2019-09-20 17:28:05][DEBUG][ERROR] : [App\Utility\Pool\RedisPool pool is empty at file:/Users/youan03/Documents/swoole/vendor/easyswoole/component/src/Pool/TraitInvoker.php line:34]
[2019-09-23 10:52:56][DEBUG][ERROR] : [Uncaught Swoole\Exception: failed to listen server port[0.0.0.0:9501], Error: Address already in use[48] in /Users/youan03/Documents/swoole/vendor/easyswoole/easyswoole/src/ServerManager.php:61
Stack trace:
#0 /Users/youan03/Documents/swoole/vendor/easyswoole/easyswoole/src/ServerManager.php(61): Swoole\Server->__construct('0.0.0.0', 9501, 2, 1)
#1 /Users/youan03/Documents/swoole/vendor/easyswoole/easyswoole/src/Core.php(113): EasySwoole\EasySwoole\ServerManager->createSwooleServer(9501, 3, '0.0.0.0', Array, 2, 1)
#2 /Users/youan03/Documents/swoole/vendor/easyswoole/easyswoole/src/Command/DefaultCommand/Start.php(42): EasySwoole\EasySwoole\Core->createServer()
#3 /Users/youan03/Documents/swoole/vendor/easyswoole/easyswoole/src/Command/CommandContainer.php(46): EasySwoole\EasySwoole\Command\DefaultCommand\Start->exec(Array)
#4 /Users/youan03/Documents/swoole/vendor/easyswoole/easyswoole/src/Command/CommandRunner.php(50): EasySwoole\EasySwoole\Command\CommandContainer->hook('start', Array)
#5 /Users/youan03/Doc at file:/Users/youan03/Documents/swoole/vendor/easyswoole/easyswoole/src/ServerManager.php line:61]
[2019-09-23 11:03:28][DEBUG][ERROR] : [Class 'EasySwoole\HttpClient\HttpClient' not found at file:/Users/youan03/Documents/swoole/App/HttpController/Index.php line:95]
[2019-09-23 11:05:50][DEBUG][ERROR] : [you must configure with `enable-openssl` to support ssl connection at file:/Users/youan03/Documents/swoole/vendor/easyswoole/http-client/src/HttpClient.php line:347]
[2019-09-23 11:22:15][DEBUG][ERROR] : [Cannot use object of type EasySwoole\HttpClient\Bean\Response as array at file:/Users/youan03/Documents/swoole/App/HttpController/Index.php line:97]
[2019-09-23 11:22:35][DEBUG][ERROR] : [Cannot use object of type EasySwoole\HttpClient\Bean\Response as array at file:/Users/youan03/Documents/swoole/App/HttpController/Index.php line:97]
[2019-09-23 14:37:20][DEBUG][ERROR] : [Uncaught TypeError: Argument 1 passed to EasySwoole\Http\Response::write() must be of the type string, array given, called in /Users/youan03/Documents/swoole/App/HttpController/Index.php on line 106 and defined in /Users/youan03/Documents/swoole/vendor/easyswoole/http/src/Response.php:76
Stack trace:
#0 /Users/youan03/Documents/swoole/App/HttpController/Index.php(106): EasySwoole\Http\Response->write(Array)
#1 {main}
  thrown at file:/Users/youan03/Documents/swoole/vendor/easyswoole/http/src/Response.php line:76]
[2019-09-23 17:15:54][DEBUG][ERROR] : [Not Found Error at file:/Users/youan03/Documents/swoole/App/HttpController/Index.php line:119]
[2019-09-23 17:47:29][DEBUG][ERROR] : [Call to undefined method SimpleXMLElement::toArray() at file:/Users/youan03/Documents/swoole/App/HttpController/Index.php line:116]
[2019-09-24 10:49:26][DEBUG][ERROR] : [Call to a member function getElementsByTagName() on null at file:/Users/youan03/Documents/swoole/App/HttpController/Index.php line:117]
[2019-09-24 10:51:16][DEBUG][WARNING] : [Creating default object from empty value at file:/Users/youan03/Documents/swoole/App/HttpController/Index.php line:122]
[2019-09-24 11:05:34][DEBUG][WARNING] : [Attempt to assign property 'Order' of non-object at file:/Users/youan03/Documents/swoole/App/HttpController/Index.php line:121]
[2019-09-24 11:08:51][DEBUG][NOTICE] : [Array to string conversion at file:/Users/youan03/Documents/swoole/App/HttpController/Index.php line:121]
[2019-09-24 11:08:51][DEBUG][WARNING] : [It is not yet possible to assign complex types to properties at file:/Users/youan03/Documents/swoole/App/HttpController/Index.php line:121]
[2019-09-24 11:15:53][DEBUG][NOTICE] : [Array to string conversion at file:/Users/youan03/Documents/swoole/App/HttpController/Index.php line:121]
[2019-09-24 11:15:53][DEBUG][WARNING] : [It is not yet possible to assign complex types to properties at file:/Users/youan03/Documents/swoole/App/HttpController/Index.php line:121]
[2019-09-24 11:16:07][DEBUG][WARNING] : [It is not yet possible to assign complex types to properties at file:/Users/youan03/Documents/swoole/App/HttpController/Index.php line:121]
[2019-09-24 16:44:25][DEBUG][WARNING] : [Swoole\Coroutine\Redis::lPop(): The host is empty at file:/Users/youan03/Documents/swoole/App/Process/Consumer.php line:32]
[2019-09-24 16:44:25][DEBUG][WARNING] : [Swoole\Coroutine\Redis::lPop(): The host is empty at file:/Users/youan03/Documents/swoole/App/Process/Consumer.php line:32]
[2019-09-24 16:44:25][DEBUG][WARNING] : [Swoole\Coroutine\Redis::lPop(): The host is empty at file:/Users/youan03/Documents/swoole/App/Process/Consumer.php line:32]
[2019-09-24 16:44:25][DEBUG][WARNING] : [Swoole\Coroutine\Redis::lPop(): The host is empty at file:/Users/youan03/Documents/swoole/App/Process/Consumer.php line:32]
[2019-09-24 16:44:25][DEBUG][WARNING] : [Swoole\Coroutine\Redis::lPop(): The host is empty at file:/Users/youan03/Documents/swoole/App/Process/Consumer.php line:32]
[2019-09-24 16:44:25][DEBUG][WARNING] : [Swoole\Coroutine\Redis::lPop(): The host is empty at file:/Users/youan03/Documents/swoole/App/Process/Consumer.php line:32]
[2019-09-24 16:44:26][DEBUG][WARNING] : [Swoole\Coroutine\Redis::lPop(): The host is empty at file:/Users/youan03/Documents/swoole/App/Process/Consumer.php line:32]
[2019-09-24 16:44:26][DEBUG][WARNING] : [Swoole\Coroutine\Redis::lPop(): The host is empty at file:/Users/youan03/Documents/swoole/App/Process/Consumer.php line:32]
[2019-09-24 16:44:26][DEBUG][WARNING] : [Swoole\Coroutine\Redis::lPop(): The host is empty at file:/Users/youan03/Documents/swoole/App/Process/Consumer.php line:32]
[2019-09-24 16:44:26][DEBUG][WARNING] : [Swoole\Coroutine\Redis::lPop(): The host is empty at file:/Users/youan03/Documents/swoole/App/Process/Consumer.php line:32]
[2019-09-24 16:44:26][DEBUG][WARNING] : [Swoole\Coroutine\Redis::lPop(): The host is empty at file:/Users/youan03/Documents/swoole/App/Process/Consumer.php line:32]
[2019-09-24 16:44:26][DEBUG][WARNING] : [Swoole\Coroutine\Redis::lPop(): The host is empty at file:/Users/youan03/Documents/swoole/App/Process/Consumer.php line:32]
[2019-09-24 16:45:40][DEBUG][WARNING] : [Swoole\Coroutine\Redis::lPop(): The host is empty at file:/Users/youan03/Documents/swoole/App/Process/Consumer.php line:34]
[2019-09-24 16:45:40][DEBUG][WARNING] : [Swoole\Coroutine\Redis::lPop(): The host is empty at file:/Users/youan03/Documents/swoole/App/Process/Consumer.php line:34]
[2019-09-24 16:45:40][DEBUG][WARNING] : [Swoole\Coroutine\Redis::lPop(): The host is empty at file:/Users/youan03/Documents/swoole/App/Process/Consumer.php line:34]
[2019-09-24 16:45:41][DEBUG][WARNING] : [Swoole\Coroutine\Redis::lPop(): The host is empty at file:/Users/youan03/Documents/swoole/App/Process/Consumer.php line:34]
[2019-09-24 16:45:41][DEBUG][WARNING] : [Swoole\Coroutine\Redis::lPop(): The host is empty at file:/Users/youan03/Documents/swoole/App/Process/Consumer.php line:34]
[2019-09-24 16:45:41][DEBUG][WARNING] : [Swoole\Coroutine\Redis::lPop(): The host is empty at file:/Users/youan03/Documents/swoole/App/Process/Consumer.php line:34]
[2019-09-24 16:45:41][DEBUG][WARNING] : [Swoole\Coroutine\Redis::lPop(): The host is empty at file:/Users/youan03/Documents/swoole/App/Process/Consumer.php line:34]
[2019-09-24 16:45:41][DEBUG][WARNING] : [Swoole\Coroutine\Redis::lPop(): The host is empty at file:/Users/youan03/Documents/swoole/App/Process/Consumer.php line:34]
[2019-09-24 16:45:41][DEBUG][WARNING] : [Swoole\Coroutine\Redis::lPop(): The host is empty at file:/Users/youan03/Documents/swoole/App/Process/Consumer.php line:34]
[2019-09-24 18:09:20][DEBUG][ERROR] : [Argument 1 passed to EasySwoole\Http\Response::write() must be of the type string, null given, called in /Users/youan03/Documents/swoole/App/HttpController/Index.php on line 36 at file:/Users/youan03/Documents/swoole/vendor/easyswoole/http/src/Response.php line:76]
[2019-09-25 10:37:34][DEBUG][ERROR] : [Argument 1 passed to EasySwoole\Http\Response::write() must be of the type string, null given, called in /Users/youan03/Documents/swoole/App/HttpController/Index.php on line 37 at file:/Users/youan03/Documents/swoole/vendor/easyswoole/http/src/Response.php line:76]
[2019-09-25 11:25:41][DEBUG][WARNING] : [Swoole\Coroutine\Redis::get() expects exactly 1 parameter, 2 given at file:/Users/youan03/Documents/swoole/App/HttpController/Index.php line:42]
[2019-09-26 14:24:51][DEBUG][NOTICE] : [Array to string conversion at file:/Users/youan03/Documents/swoole/App/Utility/Upload/UploadFile.php line:43]
[2019-09-26 14:24:51][DEBUG][ERROR] : [上传Array文件不合法 at file:/Users/youan03/Documents/swoole/App/Utility/Upload/UploadFile.php line:43]
[2019-09-26 14:25:21][DEBUG][ERROR] : [上传image文件不合法 at file:/Users/youan03/Documents/swoole/App/Utility/Upload/UploadFile.php line:43]
[2019-09-26 15:24:39][DEBUG][NOTICE] : [Array to string conversion at file:/Users/youan03/Documents/swoole/App/Utility/Upload/UploadFile.php line:27]
[2019-09-26 16:30:09][DEBUG][NOTICE] : [Array to string conversion at file:/Users/youan03/Documents/swoole/App/HttpController/Upload.php line:23]
[2019-09-26 16:30:09][DEBUG][NOTICE] : [Undefined property: App\Utility\Upload\UploadFile::$Array at file:/Users/youan03/Documents/swoole/App/HttpController/Upload.php line:23]
[2019-09-26 16:30:37][DEBUG][WARNING] : [mkdir(): Permission denied at file:/Users/youan03/Documents/swoole/vendor/easyswoole/utility/src/File.php line:25]
[2019-09-26 16:31:41][DEBUG][WARNING] : [mkdir(): Permission denied at file:/Users/youan03/Documents/swoole/vendor/easyswoole/utility/src/File.php line:25]
[2019-09-26 16:31:41][DEBUG][WARNING] : [file_put_contents(/Users/youan03/Documents/swoole/public/upload/image/2019/09/26/1569486701DpTwa.png): failed to open stream: No such file or directory at file:/Users/youan03/Documents/swoole/vendor/easyswoole/http/src/Message/UploadFile.php line:46]
